This file contains any messages produced by compilers while
running configure, to aid debugging if configure makes a mistake.

It was created by configure, which was
generated by GNU Autoconf 2.57.  Invocation command line was

  $ ./configure --enable-locale --enable-telnet --enable-colors256 --enable-rxct_osc

## --------- ##
## Platform. ##
## --------- ##

hostname = pete-macbook
uname -m = x86_64
uname -r = 11.4.2
uname -s = Darwin
uname -v = Darwin Kernel Version 11.4.2: Thu Aug 23 16:25:48 PDT 2012; root:xnu-1699.32.7~1/RELEASE_X86_64

/usr/bin/uname -p = i386
/bin/uname -X     = unknown

/bin/arch              = unknown
/usr/bin/arch -k       = unknown
/usr/convex/getsysinfo = unknown
hostinfo               = Mach kernel version:
	 Darwin Kernel Version 11.4.2: Thu Aug 23 16:25:48 PDT 2012; root:xnu-1699.32.7~1/RELEASE_X86_64
Kernel configured for up to 8 processors.
4 processors are physically available.
8 processors are logically available.
Processor type: i486 (Intel 80486)
Processors active: 0 1 2 3 4 5 6 7
Primary memory available: 8.00 gigabytes
Default processor set: 144 tasks, 747 threads, 8 processors
Load average: 1.67, Mach factor: 6.32
/bin/machine           = unknown
/usr/bin/oslevel       = unknown
/bin/universe          = unknown

PATH: /opt/local/bin
PATH: /opt/local/sbin
PATH: /usr/bin
PATH: /bin
PATH: /usr/sbin
PATH: /sbin
PATH: /usr/local/bin
PATH: /usr/X11/bin
PATH: /usr/local/git/bin


## ----------- ##
## Core tests. ##
## ----------- ##

configure:1288: checking for screen
configure:1306: found /usr/bin/screen
configure:1318: result: /usr/bin/screen
configure:1470: checking for gcc
configure:1486: found /usr/bin/gcc
configure:1496: result: gcc
configure:1740: checking for C compiler version
configure:1743: gcc --version </dev/null >&5
i686-apple-darwin11-llvm-gcc-4.2 (GCC) 4.2.1 (Based on Apple Inc. build 5658) (LLVM build 2335.15.00)
Copyright (C) 2007 Free Software Foundation, Inc.
This is free software; see the source for copying conditions.  There is NO
warranty; not even for MERCHANTABILITY or FITNESS FOR A PARTICULAR PURPOSE.

configure:1746: $? = 0
configure:1748: gcc -v </dev/null >&5
Using built-in specs.
Target: i686-apple-darwin11
Configured with: /private/var/tmp/llvmgcc42/llvmgcc42-2335.15~25/src/configure --disable-checking --enable-werror --prefix=/Developer/usr/llvm-gcc-4.2 --mandir=/share/man --enable-languages=c,objc,c++,obj-c++ --program-prefix=llvm- --program-transform-name=/^[cg][^.-]*$/s/$/-4.2/ --with-slibdir=/usr/lib --build=i686-apple-darwin11 --enable-llvm=/private/var/tmp/llvmgcc42/llvmgcc42-2335.15~25/dst-llvmCore/Developer/usr/local --program-prefix=i686-apple-darwin11- --host=x86_64-apple-darwin11 --target=i686-apple-darwin11 --with-gxx-include-dir=/usr/include/c++/4.2.1
Thread model: posix
gcc version 4.2.1 (Based on Apple Inc. build 5658) (LLVM build 2335.15.00)
configure:1751: $? = 0
configure:1753: gcc -V </dev/null >&5
llvm-gcc-4.2: argument to `-V' is missing
configure:1756: $? = 1
configure:1780: checking for C compiler default output
configure:1783: gcc    conftest.c  >&5
configure:1786: $? = 0
configure:1832: result: a.out
configure:1837: checking whether the C compiler works
configure:1843: ./a.out
configure:1846: $? = 0
configure:1863: result: yes
configure:1870: checking whether we are cross compiling
configure:1872: result: no
configure:1875: checking for suffix of executables
configure:1877: gcc -o conftest    conftest.c  >&5
configure:1880: $? = 0
configure:1905: result: 
configure:1911: checking for suffix of object files
configure:1933: gcc -c   conftest.c >&5
configure:1936: $? = 0
configure:1958: result: o
configure:1962: checking whether we are using the GNU C compiler
configure:1987: gcc -c   conftest.c >&5
configure:1990: $? = 0
configure:1993: test -s conftest.o
configure:1996: $? = 0
configure:2009: result: yes
configure:2015: checking whether gcc accepts -g
configure:2037: gcc -c -g  conftest.c >&5
configure:2040: $? = 0
configure:2043: test -s conftest.o
configure:2046: $? = 0
configure:2057: result: yes
configure:2074: checking for gcc option to accept ANSI C
configure:2135: gcc  -c -g -O2  conftest.c >&5
configure:2138: $? = 0
configure:2141: test -s conftest.o
configure:2144: $? = 0
configure:2162: result: none needed
configure:2180: gcc -c -g -O2  conftest.c >&5
conftest.c:2: error: expected '=', ',', ';', 'asm' or '__attribute__' before 'me'
configure:2183: $? = 1
configure: failed program was:
| #ifndef __cplusplus
|   choke me
| #endif
configure:2297: checking how to run the C preprocessor
configure:2333: gcc -E  conftest.c
configure:2339: $? = 0
configure:2371: gcc -E  conftest.c
configure:2370:28: error: ac_nonexistent.h: No such file or directory
configure:2377: $? = 1
configure: failed program was:
| #line 2362 "configure"
| /* confdefs.h.  */
| 
| #define PACKAGE_NAME ""
| #define PACKAGE_TARNAME ""
| #define PACKAGE_VERSION ""
| #define PACKAGE_STRING ""
| #define PACKAGE_BUGREPORT ""
| /* end confdefs.h.  */
| #include <ac_nonexistent.h>
configure:2415: result: gcc -E
configure:2440: gcc -E  conftest.c
configure:2446: $? = 0
configure:2478: gcc -E  conftest.c
configure:2477:28: error: ac_nonexistent.h: No such file or directory
configure:2484: $? = 1
configure: failed program was:
| #line 2469 "configure"
| /* confdefs.h.  */
| 
| #define PACKAGE_NAME ""
| #define PACKAGE_TARNAME ""
| #define PACKAGE_VERSION ""
| #define PACKAGE_STRING ""
| #define PACKAGE_BUGREPORT ""
| /* end confdefs.h.  */
| #include <ac_nonexistent.h>
configure:2528: checking for egrep
configure:2538: result: grep -E
configure:2544: checking whether gcc needs -traditional
configure:2578:20: error: termio.h: No such file or directory
configure:2588: result: no
configure:2595: checking for library containing strerror
configure:2626: gcc -o conftest -g -O2   conftest.c  >&5
configure:2629: $? = 0
configure:2632: test -s conftest
configure:2635: $? = 0
configure:2694: result: none required
configure:2719: gcc -o conftest -g -O2   conftest.c  >&5
configure: In function 'main':
configure:2717: warning: incompatible implicit declaration of built-in function 'exit'
configure:2722: $? = 0
configure:2724: ./conftest
configure:2727: $? = 0
configure:2768: gcc -o conftest -g -O2   conftest.c  >&5
configure: In function 'main':
configure:2766: warning: incompatible implicit declaration of built-in function 'exit'
configure:2771: $? = 0
configure:2773: ./conftest
configure:2776: $? = 0
configure:2821: gcc -o conftest -g -O2   conftest.c  >&5
Undefined symbols for architecture x86_64:
  "___something_strange_", referenced from:
      _main in ccmkWxf6.o
ld: symbol(s) not found for architecture x86_64
collect2: ld returned 1 exit status
configure:2824: $? = 1
configure: program exited with status 1
configure: failed program was:
| #line 2805 "configure"
| /* confdefs.h.  */
| 
| #define PACKAGE_NAME ""
| #define PACKAGE_TARNAME ""
| #define PACKAGE_VERSION ""
| #define PACKAGE_STRING ""
| #define PACKAGE_BUGREPORT ""
| /* end confdefs.h.  */
| 
| main()
| {
|   int __something_strange_();
|   __something_strange_(0);
| }
| 
configure:2847: checking for gawk
configure:2876: result: no
configure:2847: checking for mawk
configure:2876: result: no
configure:2847: checking for nawk
configure:2876: result: no
configure:2847: checking for awk
configure:2863: found /usr/bin/awk
configure:2873: result: awk
configure:2921: checking for a BSD-compatible install
configure:2975: result: /usr/bin/install -c
configure:2988: checking for buggy tools...
configure:2995: checking if a system-wide socket dir should be used
configure:3006: result: yes
configure:3008: checking for the socket dir
configure:3017: result: (eff_uid ? "/tmp/uscreens" : "/tmp/screens")
configure:3043: checking for MIPS...
configure:3173: checking for Ultrix...
configure:3240: checking for butterfly...
configure:3265: checking for POSIX.1...
configure:3294: checking for System V...
configure:3315: gcc -c -g -O2  conftest.c >&5
configure:3318: $? = 0
configure:3321: test -s conftest.o
configure:3324: $? = 0
configure:3338: checking for sequent/ptx...
configure:3361: checking SVR4...
configure:3363: checking for ANSI C header files
configure:3389: gcc -c -g -O2  conftest.c >&5
configure:3392: $? = 0
configure:3395: test -s conftest.o
configure:3398: $? = 0
configure:3490: gcc -o conftest -g -O2   conftest.c  -lelf >&5
configure: In function 'main':
configure:3485: warning: incompatible implicit declaration of built-in function 'exit'
ld: library not found for -lelf
collect2: ld returned 1 exit status
configure:3493: $? = 1
configure: program exited with status 1
configure: failed program was:
| #line 3458 "configure"
| /* confdefs.h.  */
| 
| #define PACKAGE_NAME ""
| #define PACKAGE_TARNAME ""
| #define PACKAGE_VERSION ""
| #define PACKAGE_STRING ""
| #define PACKAGE_BUGREPORT ""
| #define SOCKDIR (eff_uid ? "/tmp/uscreens" : "/tmp/screens")
| #define POSIX 1
| /* end confdefs.h.  */
| #include <ctype.h>
| #if ((' ' & 0x0FF) == 0x020)
| # define ISLOWER(c) ('a' <= (c) && (c) <= 'z')
| # define TOUPPER(c) (ISLOWER(c) ? 'A' + ((c) - 'a') : (c))
| #else
| # define ISLOWER(c)                    (('a' <= (c) && (c) <= 'i')                      || ('j' <= (c) && (c) <= 'r')                      || ('s' <= (c) && (c) <= 'z'))
| # define TOUPPER(c) (ISLOWER(c) ? ((c) | 0x40) : (c))
| #endif
| 
| #define XOR(e, f) (((e) && !(f)) || (!(e) && (f)))
| int
| main ()
| {
|   int i;
|   for (i = 0; i < 256; i++)
|     if (XOR (islower (i), ISLOWER (i))
|         || toupper (i) != TOUPPER (i))
|       exit(2);
|   exit (0);
| }
configure:3513: result: no
configure:3537: checking for sys/types.h
configure:3554: gcc -c -g -O2  conftest.c >&5
configure:3557: $? = 0
configure:3560: test -s conftest.o
configure:3563: $? = 0
configure:3574: result: yes
configure:3537: checking for sys/stat.h
configure:3554: gcc -c -g -O2  conftest.c >&5
configure:3557: $? = 0
configure:3560: test -s conftest.o
configure:3563: $? = 0
configure:3574: result: yes
configure:3537: checking for stdlib.h
configure:3554: gcc -c -g -O2  conftest.c >&5
configure:3557: $? = 0
configure:3560: test -s conftest.o
configure:3563: $? = 0
configure:3574: result: yes
configure:3537: checking for string.h
configure:3554: gcc -c -g -O2  conftest.c >&5
configure:3557: $? = 0
configure:3560: test -s conftest.o
configure:3563: $? = 0
configure:3574: result: yes
configure:3537: checking for memory.h
configure:3554: gcc -c -g -O2  conftest.c >&5
configure:3557: $? = 0
configure:3560: test -s conftest.o
configure:3563: $? = 0
configure:3574: result: yes
configure:3537: checking for strings.h
configure:3554: gcc -c -g -O2  conftest.c >&5
configure:3557: $? = 0
configure:3560: test -s conftest.o
configure:3563: $? = 0
configure:3574: result: yes
configure:3537: checking for inttypes.h
configure:3554: gcc -c -g -O2  conftest.c >&5
configure:3557: $? = 0
configure:3560: test -s conftest.o
configure:3563: $? = 0
configure:3574: result: yes
configure:3537: checking for stdint.h
configure:3554: gcc -c -g -O2  conftest.c >&5
configure:3557: $? = 0
configure:3560: test -s conftest.o
configure:3563: $? = 0
configure:3574: result: yes
configure:3537: checking for unistd.h
configure:3554: gcc -c -g -O2  conftest.c >&5
configure:3557: $? = 0
configure:3560: test -s conftest.o
configure:3563: $? = 0
configure:3574: result: yes
configure:3604: gcc -o conftest -g -O2   conftest.c  -lelf >&5
ld: library not found for -lelf
collect2: ld returned 1 exit status
configure:3607: $? = 1
configure: failed program was:
| #line 3586 "configure"
| /* confdefs.h.  */
| 
| #define PACKAGE_NAME ""
| #define PACKAGE_TARNAME ""
| #define PACKAGE_VERSION ""
| #define PACKAGE_STRING ""
| #define PACKAGE_BUGREPORT ""
| #define SOCKDIR (eff_uid ? "/tmp/uscreens" : "/tmp/screens")
| #define POSIX 1
| #define HAVE_SYS_TYPES_H 1
| #define HAVE_SYS_STAT_H 1
| #define HAVE_STDLIB_H 1
| #define HAVE_STRING_H 1
| #define HAVE_MEMORY_H 1
| #define HAVE_STRINGS_H 1
| #define HAVE_INTTYPES_H 1
| #define HAVE_STDINT_H 1
| #define HAVE_UNISTD_H 1
| /* end confdefs.h.  */
| #include <utmpx.h>
| 
| int
| main ()
| {
| 
|   ;
|   return 0;
| }
configure:3905: checking for Solaris 2.x...
configure:3928: checking BSD job jontrol...
configure:3960: gcc -o conftest -g -O2   conftest.c  >&5
configure:3963: $? = 0
configure:3966: test -s conftest
configure:3969: $? = 0
configure:3985: checking setreuid...
configure:4010: gcc -o conftest -g -O2   conftest.c  >&5
configure:4013: $? = 0
configure:4016: test -s conftest
configure:4019: $? = 0
configure:4031: checking seteuid...
configure:4056: gcc -o conftest -g -O2   conftest.c  >&5
configure:4059: $? = 0
configure:4062: test -s conftest
configure:4065: $? = 0
configure:4079: checking select...
configure:4098: gcc -o conftest -g -O2   conftest.c  >&5
configure:4101: $? = 0
configure:4104: test -s conftest
configure:4107: $? = 0
configure:4159: checking fifos...
configure:4242: gcc -o conftest -g -O2   conftest.c  >&5
configure: In function 'main':
configure:4219: warning: incompatible implicit declaration of built-in function 'exit'
configure:4245: $? = 0
configure:4247: ./conftest
configure:4250: $? = 0
configure:4268: checking for broken fifo implementation...
configure:4331: gcc -o conftest -g -O2   conftest.c  >&5
configure: In function 'main':
configure:4328: warning: incompatible implicit declaration of built-in function 'exit'
configure:4334: $? = 0
configure:4336: ./conftest
configure:4339: $? = 0
configure:4361: checking sockets...
configure:4430: gcc -o conftest -g -O2   conftest.c  >&5
configure: In function 'main':
configure:4412: warning: incompatible implicit declaration of built-in function 'exit'
configure:4414: warning: incompatible implicit declaration of built-in function 'strcpy'
configure:4416: warning: incompatible implicit declaration of built-in function 'strlen'
configure:4431: warning: passing argument 2 of 'accept' from incompatible pointer type
configure:4433: $? = 0
configure:4435: ./conftest
configure:4438: $? = 0
configure:4456: checking socket implementation...
configure:4500: gcc -o conftest -g -O2   conftest.c  >&5
configure: In function 'main':
configure:4501: warning: incompatible implicit declaration of built-in function 'exit'
configure:4503: warning: incompatible implicit declaration of built-in function 'strcpy'
configure:4505: warning: incompatible implicit declaration of built-in function 'strlen'
configure:4503: $? = 0
configure:4505: ./conftest
configure:4508: $? = 0
configure:4569: checking select return value...
configure:4686: gcc -o conftest -g -O2   conftest.c  >&5
configure: In function 'main':
configure:4639: warning: incompatible implicit declaration of built-in function 'exit'
configure:4689: $? = 0
configure:4691: ./conftest
configure:4694: $? = 0
configure:4713: checking for tgetent...
configure:4732: gcc -o conftest -g -O2   conftest.c  >&5
Undefined symbols for architecture x86_64:
  "_tgetent", referenced from:
      _main in cczYFPrv.o
ld: symbol(s) not found for architecture x86_64
collect2: ld returned 1 exit status
configure:4735: $? = 1
configure: failed program was:
| #line 4715 "configure"
| /* confdefs.h.  */
| 
| #define PACKAGE_NAME ""
| #define PACKAGE_TARNAME ""
| #define PACKAGE_VERSION ""
| #define PACKAGE_STRING ""
| #define PACKAGE_BUGREPORT ""
| #define SOCKDIR (eff_uid ? "/tmp/uscreens" : "/tmp/screens")
| #define POSIX 1
| #define HAVE_SYS_TYPES_H 1
| #define HAVE_SYS_STAT_H 1
| #define HAVE_STDLIB_H 1
| #define HAVE_STRING_H 1
| #define HAVE_MEMORY_H 1
| #define HAVE_STRINGS_H 1
| #define HAVE_INTTYPES_H 1
| #define HAVE_STDINT_H 1
| #define HAVE_UNISTD_H 1
| #define BSDJOBS 1
| #define HAVE_SETREUID 1
| #define HAVE_SETEUID 1
| #define NAMEDPIPE 1
| /* end confdefs.h.  */
| 
| int
| main ()
| {
| tgetent((char *)0, (char *)0);
|   ;
|   return 0;
| }
configure:4750: checking libcurses...
configure:4775: gcc -o conftest -g -O2   conftest.c -lcurses  >&5
configure:4778: $? = 0
configure:4781: test -s conftest
configure:4784: $? = 0
configure:4934: gcc -o conftest -g -O2   conftest.c -lcurses  >&5
configure: In function 'main':
configure:4946: warning: incompatible implicit declaration of built-in function 'exit'
configure:4937: $? = 0
configure:4939: ./conftest
./configure: line 4940: 16466 Segmentation fault: 11  ./conftest$ac_exeext
configure:4942: $? = 139
configure: program exited with status 139
configure: failed program was:
| #line 4920 "configure"
| /* confdefs.h.  */
| 
| #define PACKAGE_NAME ""
| #define PACKAGE_TARNAME ""
| #define PACKAGE_VERSION ""
| #define PACKAGE_STRING ""
| #define PACKAGE_BUGREPORT ""
| #define SOCKDIR (eff_uid ? "/tmp/uscreens" : "/tmp/screens")
| #define POSIX 1
| #define HAVE_SYS_TYPES_H 1
| #define HAVE_SYS_STAT_H 1
| #define HAVE_STDLIB_H 1
| #define HAVE_STRING_H 1
| #define HAVE_MEMORY_H 1
| #define HAVE_STRINGS_H 1
| #define HAVE_INTTYPES_H 1
| #define HAVE_STDINT_H 1
| #define HAVE_UNISTD_H 1
| #define BSDJOBS 1
| #define HAVE_SETREUID 1
| #define HAVE_SETEUID 1
| #define NAMEDPIPE 1
| /* end confdefs.h.  */
| 
| main()
| {
|  exit(strcmp(tgoto("%p1%d", 0, 1), "1") ? 0 : 1);
| }
configure:4960: checking ospeed...
configure:4979: gcc -o conftest -g -O2   conftest.c -lcurses  >&5
configure:4982: $? = 0
configure:4985: test -s conftest
configure:4988: $? = 0
configure:5002: checking for /dev/ptc...
configure:5011: checking for SVR4 ptys...
configure:5032: gcc -o conftest -g -O2   conftest.c -lcurses  >&5
configure:5035: $? = 0
configure:5038: test -s conftest
configure:5041: $? = 0
configure:5060: checking for getpt
configure:5110: gcc -o conftest -g -O2   conftest.c -lcurses  >&5
Undefined symbols for architecture x86_64:
  "_getpt", referenced from:
      _main in ccppc89z.o
      _f in ccppc89z.o
ld: symbol(s) not found for architecture x86_64
collect2: ld returned 1 exit status
configure:5113: $? = 1
configure: failed program was:
| #line 5065 "configure"
| /* confdefs.h.  */
| 
| #define PACKAGE_NAME ""
| #define PACKAGE_TARNAME ""
| #define PACKAGE_VERSION ""
| #define PACKAGE_STRING ""
| #define PACKAGE_BUGREPORT ""
| #define SOCKDIR (eff_uid ? "/tmp/uscreens" : "/tmp/screens")
| #define POSIX 1
| #define HAVE_SYS_TYPES_H 1
| #define HAVE_SYS_STAT_H 1
| #define HAVE_STDLIB_H 1
| #define HAVE_STRING_H 1
| #define HAVE_MEMORY_H 1
| #define HAVE_STRINGS_H 1
| #define HAVE_INTTYPES_H 1
| #define HAVE_STDINT_H 1
| #define HAVE_UNISTD_H 1
| #define BSDJOBS 1
| #define HAVE_SETREUID 1
| #define HAVE_SETEUID 1
| #define NAMEDPIPE 1
| #define TERMINFO 1
| #define HAVE_SVR4_PTYS 1
| /* end confdefs.h.  */
| /* System header to define __stub macros and hopefully few prototypes,
|     which can conflict with char getpt (); below.
|     Prefer <limits.h> to <assert.h> if __STDC__ is defined, since
|     <limits.h> exists even on freestanding compilers.  */
| #ifdef __STDC__
| # include <limits.h>
| #else
| # include <assert.h>
| #endif
| /* Override any gcc2 internal prototype to avoid an error.  */
| #ifdef __cplusplus
| extern "C"
| {
| #endif
| /* We use char because int might match the return type of a gcc2
|    builtin and then its argument prototype would still apply.  */
| char getpt ();
| /* The GNU C library defines this for functions which it implements
|     to always fail with ENOSYS.  Some functions are actually named
|     something starting with __ and the normal name is an alias.  */
| #if defined (__stub_getpt) || defined (__stub___getpt)
| choke me
| #else
| char (*f) () = getpt;
| #endif
| #ifdef __cplusplus
| }
| #endif
| 
| int
| main ()
| {
| return f != getpt;
|   ;
|   return 0;
| }
configure:5130: result: no
configure:5290: checking for ptyranges...
configure:5354: checking default tty permissions/group...
configure:5402: gcc -o conftest -g -O2   conftest.c -lcurses  >&5
configure: In function 'main':
configure:5402: warning: incompatible implicit declaration of built-in function 'exit'
configure:5405: $? = 0
configure:5407: ./conftest
configure:5410: $? = 0
configure:5563: checking getutent...
configure:5594: gcc -o conftest -g -O2   conftest.c -lcurses  >&5
configure: In function 'main':
configure:5610: error: 'DEAD_PROCESS' undeclared (first use in this function)
configure:5610: error: (Each undeclared identifier is reported only once
configure:5610: error: for each function it appears in.)
configure:5610: warning: 'utmp' is deprecated (declared at /usr/include/utmp.h:96)
configure:5597: $? = 1
configure: failed program was:
| #line 5565 "configure"
| /* confdefs.h.  */
| 
| #define PACKAGE_NAME ""
| #define PACKAGE_TARNAME ""
| #define PACKAGE_VERSION ""
| #define PACKAGE_STRING ""
| #define PACKAGE_BUGREPORT ""
| #define SOCKDIR (eff_uid ? "/tmp/uscreens" : "/tmp/screens")
| #define POSIX 1
| #define HAVE_SYS_TYPES_H 1
| #define HAVE_SYS_STAT_H 1
| #define HAVE_STDLIB_H 1
| #define HAVE_STRING_H 1
| #define HAVE_MEMORY_H 1
| #define HAVE_STRINGS_H 1
| #define HAVE_INTTYPES_H 1
| #define HAVE_STDINT_H 1
| #define HAVE_UNISTD_H 1
| #define BSDJOBS 1
| #define HAVE_SETREUID 1
| #define HAVE_SETEUID 1
| #define NAMEDPIPE 1
| #define TERMINFO 1
| #define HAVE_SVR4_PTYS 1
| #define PTYRANGE0 "pqrstuvw"
| #define PTYRANGE1 "0123456789abcdef"
| #define PTYMODE 0620
| #define PTYGROUP 4
| /* end confdefs.h.  */
| 
| #include <time.h> /* to get time_t on SCO */
| #include <sys/types.h>
| #if defined(__SVR4) && !defined(DGUX)
| #include <utmpx.h>
| #define utmp utmpx
| #else
| #include <utmp.h>
| #endif
| #ifdef __hpux
| #define pututline _pututline
| #endif
| 
| int
| main ()
| {
| int x = DEAD_PROCESS; pututline((struct utmp *)0); getutent();
|   ;
|   return 0;
| }
configure:5615: checking getutent with -lgen...
configure:5646: gcc -o conftest -g -O2   conftest.c -lcurses  -lgen >&5
configure: In function 'main':
configure:5662: error: 'DEAD_PROCESS' undeclared (first use in this function)
configure:5662: error: (Each undeclared identifier is reported only once
configure:5662: error: for each function it appears in.)
configure:5662: warning: 'utmp' is deprecated (declared at /usr/include/utmp.h:96)
configure:5649: $? = 1
configure: failed program was:
| #line 5617 "configure"
| /* confdefs.h.  */
| 
| #define PACKAGE_NAME ""
| #define PACKAGE_TARNAME ""
| #define PACKAGE_VERSION ""
| #define PACKAGE_STRING ""
| #define PACKAGE_BUGREPORT ""
| #define SOCKDIR (eff_uid ? "/tmp/uscreens" : "/tmp/screens")
| #define POSIX 1
| #define HAVE_SYS_TYPES_H 1
| #define HAVE_SYS_STAT_H 1
| #define HAVE_STDLIB_H 1
| #define HAVE_STRING_H 1
| #define HAVE_MEMORY_H 1
| #define HAVE_STRINGS_H 1
| #define HAVE_INTTYPES_H 1
| #define HAVE_STDINT_H 1
| #define HAVE_UNISTD_H 1
| #define BSDJOBS 1
| #define HAVE_SETREUID 1
| #define HAVE_SETEUID 1
| #define NAMEDPIPE 1
| #define TERMINFO 1
| #define HAVE_SVR4_PTYS 1
| #define PTYRANGE0 "pqrstuvw"
| #define PTYRANGE1 "0123456789abcdef"
| #define PTYMODE 0620
| #define PTYGROUP 4
| /* end confdefs.h.  */
| 
| #include <time.h>
| #include <sys/types.h>
| #if defined(__SVR4) && !defined(DGUX)
| #include <utmpx.h>
| #define utmp utmpx
| #else
| #include <utmp.h>
| #endif
| #ifdef __hpux
| #define pututline _pututline
| #endif
| 
| int
| main ()
| {
| int x = DEAD_PROCESS; pututline((struct utmp *)0); getutent();
|   ;
|   return 0;
| }
configure:5671: checking ut_host...
configure:5699: gcc -c -g -O2  conftest.c >&5
configure: In function 'main':
configure:5715: warning: 'utmp' is deprecated (declared at /usr/include/utmp.h:96)
configure:5702: $? = 0
configure:5705: test -s conftest.o
configure:5708: $? = 0
configure:5730: checking utempter.h usability
configure:5743: gcc -c -g -O2  conftest.c >&5
configure:5796:22: error: utempter.h: No such file or directory
configure:5746: $? = 1
configure: failed program was:
| #line 5732 "configure"
| /* confdefs.h.  */
| 
| #define PACKAGE_NAME ""
| #define PACKAGE_TARNAME ""
| #define PACKAGE_VERSION ""
| #define PACKAGE_STRING ""
| #define PACKAGE_BUGREPORT ""
| #define SOCKDIR (eff_uid ? "/tmp/uscreens" : "/tmp/screens")
| #define POSIX 1
| #define HAVE_SYS_TYPES_H 1
| #define HAVE_SYS_STAT_H 1
| #define HAVE_STDLIB_H 1
| #define HAVE_STRING_H 1
| #define HAVE_MEMORY_H 1
| #define HAVE_STRINGS_H 1
| #define HAVE_INTTYPES_H 1
| #define HAVE_STDINT_H 1
| #define HAVE_UNISTD_H 1
| #define BSDJOBS 1
| #define HAVE_SETREUID 1
| #define HAVE_SETEUID 1
| #define NAMEDPIPE 1
| #define TERMINFO 1
| #define HAVE_SVR4_PTYS 1
| #define PTYRANGE0 "pqrstuvw"
| #define PTYRANGE1 "0123456789abcdef"
| #define PTYMODE 0620
| #define PTYGROUP 4
| #define UTHOST 1
| /* end confdefs.h.  */
| #include <stdio.h>
| #if HAVE_SYS_TYPES_H
| # include <sys/types.h>
| #endif
| #if HAVE_SYS_STAT_H
| # include <sys/stat.h>
| #endif
| #if STDC_HEADERS
| # include <stdlib.h>
| # include <stddef.h>
| #else
| # if HAVE_STDLIB_H
| #  include <stdlib.h>
| # endif
| #endif
| #if HAVE_STRING_H
| # if !STDC_HEADERS && HAVE_MEMORY_H
| #  include <memory.h>
| # endif
| # include <string.h>
| #endif
| #if HAVE_STRINGS_H
| # include <strings.h>
| #endif
| #if HAVE_INTTYPES_H
| # include <inttypes.h>
| #else
| # if HAVE_STDINT_H
| #  include <stdint.h>
| # endif
| #endif
| #if HAVE_UNISTD_H
| # include <unistd.h>
| #endif
| #include <utempter.h>
configure:5762: result: no
configure:5766: checking utempter.h presence
configure:5777: gcc -E  conftest.c
configure:5798:22: error: utempter.h: No such file or directory
configure:5783: $? = 1
configure: failed program was:
| #line 5768 "configure"
| /* confdefs.h.  */
| 
| #define PACKAGE_NAME ""
| #define PACKAGE_TARNAME ""
| #define PACKAGE_VERSION ""
| #define PACKAGE_STRING ""
| #define PACKAGE_BUGREPORT ""
| #define SOCKDIR (eff_uid ? "/tmp/uscreens" : "/tmp/screens")
| #define POSIX 1
| #define HAVE_SYS_TYPES_H 1
| #define HAVE_SYS_STAT_H 1
| #define HAVE_STDLIB_H 1
| #define HAVE_STRING_H 1
| #define HAVE_MEMORY_H 1
| #define HAVE_STRINGS_H 1
| #define HAVE_INTTYPES_H 1
| #define HAVE_STDINT_H 1
| #define HAVE_UNISTD_H 1
| #define BSDJOBS 1
| #define HAVE_SETREUID 1
| #define HAVE_SETEUID 1
| #define NAMEDPIPE 1
| #define TERMINFO 1
| #define HAVE_SVR4_PTYS 1
| #define PTYRANGE0 "pqrstuvw"
| #define PTYRANGE1 "0123456789abcdef"
| #define PTYMODE 0620
| #define PTYGROUP 4
| #define UTHOST 1
| /* end confdefs.h.  */
| #include <utempter.h>
configure:5802: result: no
configure:5838: checking for utempter.h
configure:5845: result: no
configure:5864: checking for libutil(s)...
configure:5869: checking getloadavg...
configure:5888: gcc -o conftest -g -O2   conftest.c -lcurses  >&5
configure:5891: $? = 0
configure:5894: test -s conftest
configure:5897: $? = 0
configure:6558: checking for crypt and sec libraries...
configure:6563: checking crypt...
configure:6582: gcc -o conftest -g -O2   conftest.c -lcurses  -lcrypt >&5
ld: library not found for -lcrypt
collect2: ld returned 1 exit status
configure:6585: $? = 1
configure: failed program was:
| #line 6565 "configure"
| /* confdefs.h.  */
| 
| #define PACKAGE_NAME ""
| #define PACKAGE_TARNAME ""
| #define PACKAGE_VERSION ""
| #define PACKAGE_STRING ""
| #define PACKAGE_BUGREPORT ""
| #define SOCKDIR (eff_uid ? "/tmp/uscreens" : "/tmp/screens")
| #define POSIX 1
| #define HAVE_SYS_TYPES_H 1
| #define HAVE_SYS_STAT_H 1
| #define HAVE_STDLIB_H 1
| #define HAVE_STRING_H 1
| #define HAVE_MEMORY_H 1
| #define HAVE_STRINGS_H 1
| #define HAVE_INTTYPES_H 1
| #define HAVE_STDINT_H 1
| #define HAVE_UNISTD_H 1
| #define BSDJOBS 1
| #define HAVE_SETREUID 1
| #define HAVE_SETEUID 1
| #define NAMEDPIPE 1
| #define TERMINFO 1
| #define HAVE_SVR4_PTYS 1
| #define PTYRANGE0 "pqrstuvw"
| #define PTYRANGE1 "0123456789abcdef"
| #define PTYMODE 0620
| #define PTYGROUP 4
| #define UTHOST 1
| #define LOADAV_GETLOADAVG 1
| #define LOADAV 1
| #define LOADAV_TYPE double
| #define LOADAV_NUM 3
| #define LOADAV_SCALE 1
| #define SIGVOID 1
| /* end confdefs.h.  */
| 
| int
| main ()
| {
| 
|   ;
|   return 0;
| }
configure:6605: checking IRIX sun library...
configure:6624: gcc -o conftest -g -O2   conftest.c -lcurses  -lsun >&5
ld: library not found for -lsun
collect2: ld returned 1 exit status
configure:6627: $? = 1
configure: failed program was:
| #line 6607 "configure"
| /* confdefs.h.  */
| 
| #define PACKAGE_NAME ""
| #define PACKAGE_TARNAME ""
| #define PACKAGE_VERSION ""
| #define PACKAGE_STRING ""
| #define PACKAGE_BUGREPORT ""
| #define SOCKDIR (eff_uid ? "/tmp/uscreens" : "/tmp/screens")
| #define POSIX 1
| #define HAVE_SYS_TYPES_H 1
| #define HAVE_SYS_STAT_H 1
| #define HAVE_STDLIB_H 1
| #define HAVE_STRING_H 1
| #define HAVE_MEMORY_H 1
| #define HAVE_STRINGS_H 1
| #define HAVE_INTTYPES_H 1
| #define HAVE_STDINT_H 1
| #define HAVE_UNISTD_H 1
| #define BSDJOBS 1
| #define HAVE_SETREUID 1
| #define HAVE_SETEUID 1
| #define NAMEDPIPE 1
| #define TERMINFO 1
| #define HAVE_SVR4_PTYS 1
| #define PTYRANGE0 "pqrstuvw"
| #define PTYRANGE1 "0123456789abcdef"
| #define PTYMODE 0620
| #define PTYGROUP 4
| #define UTHOST 1
| #define LOADAV_GETLOADAVG 1
| #define LOADAV 1
| #define LOADAV_TYPE double
| #define LOADAV_NUM 3
| #define LOADAV_SCALE 1
| #define SIGVOID 1
| /* end confdefs.h.  */
| 
| int
| main ()
| {
| 
|   ;
|   return 0;
| }
configure:6644: checking syslog...
configure:6663: gcc -o conftest -g -O2   conftest.c -lcurses  >&5
configure:6666: $? = 0
configure:6669: test -s conftest
configure:6672: $? = 0
configure:6747: checking wait union...
configure:6774: gcc -c -g -O2  conftest.c >&5
configure:6777: $? = 0
configure:6780: test -s conftest.o
configure:6783: $? = 0
configure:6797: checking for termio or termios...
configure:6808: gcc -E  conftest.c
configure:6836:20: error: termio.h: No such file or directory
configure:6814: $? = 1
configure: failed program was:
| #line 6799 "configure"
| /* confdefs.h.  */
| 
| #define PACKAGE_NAME ""
| #define PACKAGE_TARNAME ""
| #define PACKAGE_VERSION ""
| #define PACKAGE_STRING ""
| #define PACKAGE_BUGREPORT ""
| #define SOCKDIR (eff_uid ? "/tmp/uscreens" : "/tmp/screens")
| #define POSIX 1
| #define HAVE_SYS_TYPES_H 1
| #define HAVE_SYS_STAT_H 1
| #define HAVE_STDLIB_H 1
| #define HAVE_STRING_H 1
| #define HAVE_MEMORY_H 1
| #define HAVE_STRINGS_H 1
| #define HAVE_INTTYPES_H 1
| #define HAVE_STDINT_H 1
| #define HAVE_UNISTD_H 1
| #define BSDJOBS 1
| #define HAVE_SETREUID 1
| #define HAVE_SETEUID 1
| #define NAMEDPIPE 1
| #define TERMINFO 1
| #define HAVE_SVR4_PTYS 1
| #define PTYRANGE0 "pqrstuvw"
| #define PTYRANGE1 "0123456789abcdef"
| #define PTYMODE 0620
| #define PTYGROUP 4
| #define UTHOST 1
| #define LOADAV_GETLOADAVG 1
| #define LOADAV 1
| #define LOADAV_TYPE double
| #define LOADAV_NUM 3
| #define LOADAV_SCALE 1
| #define SIGVOID 1
| #define BSDWAIT 1
| /* end confdefs.h.  */
| #include <termio.h>
configure:6843: gcc -E  conftest.c
configure:6849: $? = 0
configure:6877: checking getspnam...
configure:6896: gcc -o conftest -g -O2   conftest.c -lcurses  >&5
configure:6917:20: error: shadow.h: No such file or directory
configure:6899: $? = 1
configure: failed program was:
| #line 6879 "configure"
| /* confdefs.h.  */
| 
| #define PACKAGE_NAME ""
| #define PACKAGE_TARNAME ""
| #define PACKAGE_VERSION ""
| #define PACKAGE_STRING ""
| #define PACKAGE_BUGREPORT ""
| #define SOCKDIR (eff_uid ? "/tmp/uscreens" : "/tmp/screens")
| #define POSIX 1
| #define HAVE_SYS_TYPES_H 1
| #define HAVE_SYS_STAT_H 1
| #define HAVE_STDLIB_H 1
| #define HAVE_STRING_H 1
| #define HAVE_MEMORY_H 1
| #define HAVE_STRINGS_H 1
| #define HAVE_INTTYPES_H 1
| #define HAVE_STDINT_H 1
| #define HAVE_UNISTD_H 1
| #define BSDJOBS 1
| #define HAVE_SETREUID 1
| #define HAVE_SETEUID 1
| #define NAMEDPIPE 1
| #define TERMINFO 1
| #define HAVE_SVR4_PTYS 1
| #define PTYRANGE0 "pqrstuvw"
| #define PTYRANGE1 "0123456789abcdef"
| #define PTYMODE 0620
| #define PTYGROUP 4
| #define UTHOST 1
| #define LOADAV_GETLOADAVG 1
| #define LOADAV 1
| #define LOADAV_TYPE double
| #define LOADAV_NUM 3
| #define LOADAV_SCALE 1
| #define SIGVOID 1
| #define BSDWAIT 1
| #define TERMIO 1
| /* end confdefs.h.  */
| #include <shadow.h>
| int
| main ()
| {
| getspnam("x");
|   ;
|   return 0;
| }
configure:6918: checking getttyent...
configure:6937: gcc -o conftest -g -O2   conftest.c -lcurses  >&5
configure:6940: $? = 0
configure:6943: test -s conftest
configure:6946: $? = 0
configure:6959: checking fdwalk...
configure:6978: gcc -o conftest -g -O2   conftest.c -lcurses  >&5
Undefined symbols for architecture x86_64:
  "_fdwalk", referenced from:
      _main in ccPiUIID.o
ld: symbol(s) not found for architecture x86_64
collect2: ld returned 1 exit status
configure:6981: $? = 1
configure: failed program was:
| #line 6961 "configure"
| /* confdefs.h.  */
| 
| #define PACKAGE_NAME ""
| #define PACKAGE_TARNAME ""
| #define PACKAGE_VERSION ""
| #define PACKAGE_STRING ""
| #define PACKAGE_BUGREPORT ""
| #define SOCKDIR (eff_uid ? "/tmp/uscreens" : "/tmp/screens")
| #define POSIX 1
| #define HAVE_SYS_TYPES_H 1
| #define HAVE_SYS_STAT_H 1
| #define HAVE_STDLIB_H 1
| #define HAVE_STRING_H 1
| #define HAVE_MEMORY_H 1
| #define HAVE_STRINGS_H 1
| #define HAVE_INTTYPES_H 1
| #define HAVE_STDINT_H 1
| #define HAVE_UNISTD_H 1
| #define BSDJOBS 1
| #define HAVE_SETREUID 1
| #define HAVE_SETEUID 1
| #define NAMEDPIPE 1
| #define TERMINFO 1
| #define HAVE_SVR4_PTYS 1
| #define PTYRANGE0 "pqrstuvw"
| #define PTYRANGE1 "0123456789abcdef"
| #define PTYMODE 0620
| #define PTYGROUP 4
| #define UTHOST 1
| #define LOADAV_GETLOADAVG 1
| #define LOADAV 1
| #define LOADAV_TYPE double
| #define LOADAV_NUM 3
| #define LOADAV_SCALE 1
| #define SIGVOID 1
| #define BSDWAIT 1
| #define TERMIO 1
| #define GETTTYENT 1
| /* end confdefs.h.  */
| #include <stdlib.h>
| int
| main ()
| {
| fdwalk(NULL, NULL);
|   ;
|   return 0;
| }
configure:7000: checking whether memcpy/memmove/bcopy handles overlapping arguments...
configure:7031: gcc -o conftest -g -O2   conftest.c -lcurses  >&5
configure: In function 'main':
configure:7051: warning: incompatible implicit declaration of built-in function 'strcpy'
configure:7052: warning: incompatible implicit declaration of built-in function 'bcopy'
configure:7054: warning: incompatible implicit declaration of built-in function 'exit'
configure:7034: $? = 0
configure:7036: ./conftest
configure:7039: $? = 0
configure:7084: gcc -o conftest -g -O2   conftest.c -lcurses  >&5
configure: In function 'main':
configure:7105: warning: incompatible implicit declaration of built-in function 'strcpy'
configure:7106: warning: incompatible implicit declaration of built-in function 'memmove'
configure:7108: warning: incompatible implicit declaration of built-in function 'exit'
configure:7087: $? = 0
configure:7089: ./conftest
configure:7092: $? = 0
configure:7138: gcc -o conftest -g -O2   conftest.c -lcurses  >&5
configure: In function 'main':
configure:7160: warning: incompatible implicit declaration of built-in function 'strcpy'
configure:7161: warning: incompatible implicit declaration of built-in function 'memcpy'
configure:7163: warning: incompatible implicit declaration of built-in function 'exit'
configure:7141: $? = 0
configure:7143: ./conftest
configure:7146: $? = 1
configure: program exited with status 1
configure: failed program was:
| #line 7115 "configure"
| /* confdefs.h.  */
| 
| #define PACKAGE_NAME ""
| #define PACKAGE_TARNAME ""
| #define PACKAGE_VERSION ""
| #define PACKAGE_STRING ""
| #define PACKAGE_BUGREPORT ""
| #define SOCKDIR (eff_uid ? "/tmp/uscreens" : "/tmp/screens")
| #define POSIX 1
| #define HAVE_SYS_TYPES_H 1
| #define HAVE_SYS_STAT_H 1
| #define HAVE_STDLIB_H 1
| #define HAVE_STRING_H 1
| #define HAVE_MEMORY_H 1
| #define HAVE_STRINGS_H 1
| #define HAVE_INTTYPES_H 1
| #define HAVE_STDINT_H 1
| #define HAVE_UNISTD_H 1
| #define BSDJOBS 1
| #define HAVE_SETREUID 1
| #define HAVE_SETEUID 1
| #define NAMEDPIPE 1
| #define TERMINFO 1
| #define HAVE_SVR4_PTYS 1
| #define PTYRANGE0 "pqrstuvw"
| #define PTYRANGE1 "0123456789abcdef"
| #define PTYMODE 0620
| #define PTYGROUP 4
| #define UTHOST 1
| #define LOADAV_GETLOADAVG 1
| #define LOADAV 1
| #define LOADAV_TYPE double
| #define LOADAV_NUM 3
| #define LOADAV_SCALE 1
| #define SIGVOID 1
| #define BSDWAIT 1
| #define TERMIO 1
| #define GETTTYENT 1
| #define USEBCOPY 1
| #define USEMEMMOVE 1
| /* end confdefs.h.  */
| 
| #define bcopy(s,d,l) memcpy(d,s,l)
| main() {
|   char buf[10];
|   strcpy(buf, "abcdefghi");
|   bcopy(buf, buf + 2, 3);
|   if (strncmp(buf, "ababcf", 6))
|     exit(1);
|   strcpy(buf, "abcdefghi");
|   bcopy(buf + 2, buf, 3);
|   if (strncmp(buf, "cdedef", 6))
|     exit(1);
|   exit(0); /* libc version works properly.  */
| }
configure:7161: checking long file names
configure:7167: result: yes
configure:7179: checking for vsprintf
configure:7198: gcc -o conftest -g -O2   conftest.c -lcurses  >&5
configure:7201: $? = 0
configure:7204: test -s conftest
configure:7207: $? = 0
configure:7209: result: yes
configure:7231: checking for dirent.h that defines DIR
configure:7256: gcc -c -g -O2  conftest.c >&5
configure:7259: $? = 0
configure:7262: test -s conftest.o
configure:7265: $? = 0
configure:7276: result: yes
configure:7289: checking for library containing opendir
configure:7320: gcc -o conftest -g -O2   conftest.c -lcurses  >&5
configure:7323: $? = 0
configure:7326: test -s conftest
configure:7329: $? = 0
configure:7388: result: none required
configure:7505: checking for setenv
configure:7524: gcc -o conftest -g -O2   conftest.c -lcurses  >&5
configure:7527: $? = 0
configure:7530: test -s conftest
configure:7533: $? = 0
configure:7535: result: yes
configure:7592: checking for nl_langinfo(CODESET)
configure:7613: gcc -o conftest -g -O2   conftest.c -lcurses  >&5
configure:7616: $? = 0
configure:7619: test -s conftest
configure:7622: $? = 0
configure:7624: result: yes
configure:7638: checking for library containing gethostname
configure:7669: gcc -o conftest -g -O2   conftest.c -lcurses  >&5
configure:7672: $? = 0
configure:7675: test -s conftest
configure:7678: $? = 0
configure:7737: result: none required
configure:7759: checking for rename
configure:7809: gcc -o conftest -g -O2   conftest.c -lcurses  >&5
configure:7812: $? = 0
configure:7815: test -s conftest
configure:7818: $? = 0
configure:7829: result: yes
configure:7759: checking for fchmod
configure:7809: gcc -o conftest -g -O2   conftest.c -lcurses  >&5
configure:7812: $? = 0
configure:7815: test -s conftest
configure:7818: $? = 0
configure:7829: result: yes
configure:7759: checking for fchown
configure:7809: gcc -o conftest -g -O2   conftest.c -lcurses  >&5
configure:7812: $? = 0
configure:7815: test -s conftest
configure:7818: $? = 0
configure:7829: result: yes
configure:7759: checking for strerror
configure:7809: gcc -o conftest -g -O2   conftest.c -lcurses  >&5
configure:7812: $? = 0
configure:7815: test -s conftest
configure:7818: $? = 0
configure:7829: result: yes
configure:7759: checking for lstat
configure:7809: gcc -o conftest -g -O2   conftest.c -lcurses  >&5
configure:7812: $? = 0
configure:7815: test -s conftest
configure:7818: $? = 0
configure:7829: result: yes
configure:7759: checking for _exit
configure:7809: gcc -o conftest -g -O2   conftest.c -lcurses  >&5
configure:7830: warning: conflicting types for built-in function '_exit'
configure:7812: $? = 0
configure:7815: test -s conftest
configure:7818: $? = 0
configure:7829: result: yes
configure:7759: checking for utimes
configure:7809: gcc -o conftest -g -O2   conftest.c -lcurses  >&5
configure:7812: $? = 0
configure:7815: test -s conftest
configure:7818: $? = 0
configure:7829: result: yes
configure:7759: checking for vsnprintf
configure:7809: gcc -o conftest -g -O2   conftest.c -lcurses  >&5
configure:7832: warning: conflicting types for built-in function 'vsnprintf'
configure:7812: $? = 0
configure:7815: test -s conftest
configure:7818: $? = 0
configure:7829: result: yes
configure:7759: checking for getcwd
configure:7809: gcc -o conftest -g -O2   conftest.c -lcurses  >&5
configure:7812: $? = 0
configure:7815: test -s conftest
configure:7818: $? = 0
configure:7829: result: yes
configure:7759: checking for setlocale
configure:7809: gcc -o conftest -g -O2   conftest.c -lcurses  >&5
configure:7812: $? = 0
configure:7815: test -s conftest
configure:7818: $? = 0
configure:7829: result: yes
configure:7759: checking for strftime
configure:7809: gcc -o conftest -g -O2   conftest.c -lcurses  >&5
configure:7835: warning: conflicting types for built-in function 'strftime'
configure:7812: $? = 0
configure:7815: test -s conftest
configure:7818: $? = 0
configure:7829: result: yes
configure:7966: gcc -o conftest -g -O2   conftest.c -lcurses  >&5
configure: In function 'main':
configure:8014: warning: incompatible implicit declaration of built-in function 'exit'
configure:7969: $? = 0
configure:7971: ./conftest
configure:7974: $? = 0
configure:7994: checking for the global screenrc file
configure:8006: result: "/usr/etc/screenrc"
configure:8014: checking for the utf8-encodings location
configure:8020: result: "/usr/share/screen/utf8encodings"
configure:8120: creating ./config.status

## ---------------------- ##
## Running config.status. ##
## ---------------------- ##

This file was extended by config.status, which was
generated by GNU Autoconf 2.57.  Invocation command line was

  CONFIG_FILES    = 
  CONFIG_HEADERS  = 
  CONFIG_LINKS    = 
  CONFIG_COMMANDS = 
  $ ./config.status 

on pete-macbook

config.status:627: creating Makefile
config.status:627: creating doc/Makefile
config.status:731: creating config.h
config.status:1034: executing default commands

## ---------------- ##
## Cache variables. ##
## ---------------- ##

ac_cv_c_compiler_gnu=yes
ac_cv_env_CC_set=
ac_cv_env_CC_value=
ac_cv_env_CFLAGS_set=
ac_cv_env_CFLAGS_value=
ac_cv_env_CPPFLAGS_set=
ac_cv_env_CPPFLAGS_value=
ac_cv_env_CPP_set=
ac_cv_env_CPP_value=
ac_cv_env_LDFLAGS_set=
ac_cv_env_LDFLAGS_value=
ac_cv_env_build_alias_set=
ac_cv_env_build_alias_value=
ac_cv_env_host_alias_set=
ac_cv_env_host_alias_value=
ac_cv_env_target_alias_set=
ac_cv_env_target_alias_value=
ac_cv_exeext=
ac_cv_func__exit=yes
ac_cv_func_fchmod=yes
ac_cv_func_fchown=yes
ac_cv_func_getcwd=yes
ac_cv_func_getpt=no
ac_cv_func_lstat=yes
ac_cv_func_rename=yes
ac_cv_func_setlocale=yes
ac_cv_func_strerror=yes
ac_cv_func_strftime=yes
ac_cv_func_utimes=yes
ac_cv_func_vsnprintf=yes
ac_cv_header_dirent_dirent_h=yes
ac_cv_header_inttypes_h=yes
ac_cv_header_memory_h=yes
ac_cv_header_stdc=no
ac_cv_header_stdint_h=yes
ac_cv_header_stdlib_h=yes
ac_cv_header_string_h=yes
ac_cv_header_strings_h=yes
ac_cv_header_sys_stat_h=yes
ac_cv_header_sys_types_h=yes
ac_cv_header_unistd_h=yes
ac_cv_header_utempter_h=no
ac_cv_objext=o
ac_cv_path_ac_prefix_program=/usr/bin/screen
ac_cv_path_install='/usr/bin/install -c'
ac_cv_prog_AWK=awk
ac_cv_prog_CPP='gcc -E'
ac_cv_prog_ac_ct_CC=gcc
ac_cv_prog_cc_g=yes
ac_cv_prog_cc_stdc=
ac_cv_prog_egrep='grep -E'
ac_cv_prog_gcc_traditional=no
ac_cv_search_gethostname='none required'
ac_cv_search_opendir='none required'
ac_cv_search_strerror='none required'

## ----------------- ##
## Output variables. ##
## ----------------- ##

AWK='awk'
CC='gcc'
CFLAGS='-g -O2'
CPP='gcc -E'
CPPFLAGS=''
DEFS='-DHAVE_CONFIG_H'
ECHO_C='ECHO_N=''
ECHO_T=''
EGREP='grep -E'
EXEEXT=''
INSTALL_DATA='${INSTALL} -m 644'
INSTALL_PROGRAM='${INSTALL}'
INSTALL_SCRIPT='${INSTALL}'
LDFLAGS=''
LIBOBJS=''
LIBS='-lcurses '
LTLIBOBJS=''
OBJEXT='o'
PACKAGE_BUGREPORT=''
PACKAGE_NAME=''
PACKAGE_STRING=''
PACKAGE_TARNAME=''
PACKAGE_VERSION=''
PATH_SEPARATOR=':'
SHELL='/bin/sh'
VERSION='4.0.3'
WRITEPATH=''
XTERMPATH=''
ac_ct_CC='gcc'
ac_prefix_program='/usr/bin/screen'
bindir='${exec_prefix}/bin'
build_alias=''
datadir='${prefix}/share'
exec_prefix='${prefix}'
host_alias=''
includedir='${prefix}/include'
infodir='${prefix}/info'
libdir='${exec_prefix}/lib'
libexecdir='${exec_prefix}/libexec'
localstatedir='${prefix}/var'
mandir='${prefix}/man'
oldincludedir='/usr/include'
prefix='/usr'
program_transform_name='s,x,x,'
sbindir='${exec_prefix}/sbin'
sharedstatedir='${prefix}/com'
sysconfdir='${prefix}/etc'
target_alias=''

## ----------- ##
## confdefs.h. ##
## ----------- ##

#define BSDJOBS 1
#define BSDWAIT 1
#define BUILTIN_TELNET 1
#define COLORS256 1
#define ETCSCREENRC "/usr/etc/screenrc"
#define GETTTYENT 1
#define HAVE_DIRENT_H 1
#define HAVE_FCHMOD 1
#define HAVE_FCHOWN 1
#define HAVE_GETCWD 1
#define HAVE_INTTYPES_H 1
#define HAVE_LSTAT 1
#define HAVE_MEMORY_H 1
#define HAVE_NL_LANGINFO 1
#define HAVE_RENAME 1
#define HAVE_SETEUID 1
#define HAVE_SETLOCALE 1
#define HAVE_SETREUID 1
#define HAVE_STDINT_H 1
#define HAVE_STDLIB_H 1
#define HAVE_STRERROR 1
#define HAVE_STRFTIME 1
#define HAVE_STRINGS_H 1
#define HAVE_STRING_H 1
#define HAVE_SVR4_PTYS 1
#define HAVE_SYS_STAT_H 1
#define HAVE_SYS_TYPES_H 1
#define HAVE_UNISTD_H 1
#define HAVE_UTIMES 1
#define HAVE_VSNPRINTF 1
#define HAVE__EXIT 1
#define LOADAV 1
#define LOADAV_GETLOADAVG 1
#define LOADAV_NUM 3
#define LOADAV_SCALE 1
#define LOADAV_TYPE double
#define NAMEDPIPE 1
#define PACKAGE_BUGREPORT ""
#define PACKAGE_NAME ""
#define PACKAGE_STRING ""
#define PACKAGE_TARNAME ""
#define PACKAGE_VERSION ""
#define POSIX 1
#define PTYGROUP 4
#define PTYMODE 0620
#define PTYRANGE0 "pqrstuvw"
#define PTYRANGE1 "0123456789abcdef"
#define SCREENENCODINGS "/usr/share/screen/utf8encodings"
#define SIGVOID 1
#define SOCKDIR (eff_uid ? "/tmp/uscreens" : "/tmp/screens")
#define TERMINFO 1
#define TERMIO 1
#define USEBCOPY 1
#define USEMEMMOVE 1
#define USESETENV 1
#define USEVARARGS 1
#define UTHOST 1

configure: exit 0
